<?xml version="1.0" encoding="UTF-8"?>
<!-- Generated by org.testng.reporters.JUnitXMLReporter -->
<testsuite hostname="STI-D01-YOGESHA" ignored="0" name="Default test" tests="8" failures="0" timestamp="15 Feb 2018 13:48:28 GMT" time="256.231" errors="0">
  <testcase name="HomePageNavigateTest" time="14.161" classname="com.pa.qa.testcases.TestCases"/>
  <testcase name="HomePageTest" time="9.225" classname="com.pa.qa.testcases.TestCases"/>
  <testcase name="LogInToApp" time="5.228" classname="com.pa.qa.testcases.TestCases"/>
  <testcase name="LogInToApp" time="5.384" classname="com.pa.qa.testcases.TestCases"/>
  <testcase name="LogInToApp" time="5.313" classname="com.pa.qa.testcases.TestCases"/>
  <testcase name="LogInToApp" time="6.842" classname="com.pa.qa.testcases.TestCases"/>
  <testcase name="LogInToApp" time="5.79" classname="com.pa.qa.testcases.TestCases"/>
  <testcase name="LogInToApp" time="5.262" classname="com.pa.qa.testcases.TestCases"/>
</testsuite> <!-- Default test -->
