<?xml version="1.0" encoding="UTF-8"?>
<!-- Generated by org.testng.reporters.JUnitXMLReporter -->
<testsuite hostname="STI-D01-YOGESHA" ignored="1" name="Test" tests="2" failures="0" timestamp="15 Feb 2018 14:02:42 GMT" time="78.645" errors="0">
  <testcase name="HomePageNavigateTest" time="16.537" classname="com.pa.qa.testcases.TestCases"/>
  <testcase name="HomePageTest" time="10.593" classname="com.pa.qa.testcases.TestCases"/>
  <testcase name="LogInToApp" time="0.0" classname="com.pa.qa.testcases.TestCases">
    <ignored/>
  </testcase> <!-- LogInToApp -->
</testsuite> <!-- Test -->
